Check Sum type comes from CYACD HEADER. Either Summation or CRC16

PACKET STRUCTURE
START COMMAND LEN1 LEN2 C7 FF END
  START : 1
  COMMAND: 0xZZ
  LEN1 (LSB):
  LEN2 (MSB):
  DATA: dataLength number of bytes
  CSUM1 (LSB):
  CSUM2 (MSB):
  END: 17

RESPONSE
  01 STATUS ROW_START_

OTAEnterBootLoaderCmd
 Write request sent with value , [ 01 38 00 00 C7 FF 17  ]

 Response
 01 00 08 00 9E 11 50 0E 00 3C 01 01 AC FE 17

 OTAGetFlashSizeCmd
 Write request sent with value , [ 01 32 01 00 01 CB FF 17  ]

 Response
 01 00 04 00 D5 00 FF 01 26 FE 17

Loop:
   OTAProgramRowCmd send size--->138
   Write request sent with value , [ 01 39 83 00 01 D5 00 00 40 00 20 91 6A 01 00 F1 CB 01 00 F1 CB 01 00 80 B5 00 AF 02 4B 83 F3 08 88 06 F0 DB F8 C0 46 00 40 00 20 80 B5 00 AF 37 4B 12 22 1A 60 07 F0 3F FD 36 4B 18 00 07 F0 77 FF 01 20 07 F0 48 FD 30 20 07 F0 53 FB 32 4B 32 4A 1A 60 32 4B 80 22 D2 05 1A 60 31 4B 31 4A 12 68 02 21 0A 43 1A 60 2F 4B 30 4A 1A 60 30 4B 00 22 1A 60 2F 4B 2F 4A 12 68 08 21 8A 43 1A 60 FA 23 DB 00 18 00 07 F0 4B D5 17  ]

   OTAVerifyRowCmd
   Write request sent with value , [ 01 3A 03 00 01 D5 00 EC FE 17  ]

OTAVerifyCheckSumCmd
Write request sent with value , [ 01 31 00 00 CE FF 17  ]

OTAExitBootloaderCmd
 Write request sent with value , [ 01 3B 00 00 C4 FF 17  ]

Reponse Byte Exit>>00
Fragment Exit bootloader response>>00
